#
# A fatal error has been detected by the Java Runtime Environment:
#
#  EXCEPTION_UNCAUGHT_CXX_EXCEPTION (0xe06d7363) at pc=0x7705c41f, pid=1988, tid=6904
#
# JRE version: 7.0_17-b02
# Java VM: Java HotSpot(TM) Client VM (23.7-b01 mixed mode windows-x86 )
# Problematic frame:
# C  [KERNELBASE.dll+0xc41f]  RaiseException+0x58
#
# Failed to write core dump. Minidumps are not enabled by default on client versions of Windows
#
# If you would like to submit a bug report, please visit:
#   http://bugreport.sun.com/bugreport/crash.jsp
# The crash happened outside the Java Virtual Machine in native code.
# See problematic frame for where to report the bug.
#

---------------  T H R E A D  ---------------

Current thread (0x197db400):  JavaThread "JavaFX Application Thread" [_thread_in_native, id=6904, stack(0x19eb0000,0x19f00000)]

siginfo: ExceptionCode=0xe06d7363, ExceptionInformation=0x19930520 0x19efeccc 0x6725e664 

Registers:
EAX=0x19efec34, EBX=0x1ae1abc8, ECX=0x00000003, EDX=0x00000000
ESP=0x19efec34, EBP=0x19efec84, ESI=0x80de0001, EDI=0x19efee98
EIP=0x7705c41f, EFLAGS=0x00200212

Top of Stack: (sp=0x19efec34)
0x19efec34:   e06d7363 00000001 00000000 7705c41f
0x19efec44:   00000003 19930520 19efeccc 6725e664
0x19efec54:   6a4545b0 19efec64 6a3ba554 00000012
0x19efec64:   19efeca0 6a3bfecd 6a452048 6a3bff12
0x19efec74:   4feac801 760d13f0 19b94400 1ae1abc8
0x19efec84:   19efecbc 6a3c7819 e06d7363 00000001
0x19efec94:   00000003 19efecb0 e06d7363 00000001
0x19efeca4:   00000000 00000000 00000003 19930520 

Instructions: (pc=0x7705c41f)
0x7705c3ff:   02 50 ff 75 14 8d 45 c4 50 e8 55 ad 02 00 83 c4
0x7705c40f:   0c eb 03 89 45 c0 8d 45 b0 50 ff 15 5c 11 05 77
0x7705c41f:   c9 c2 10 00 cc cc cc cc cc 8b ff 55 8b ec 56 8b
0x7705c42f:   75 08 83 fe f4 72 18 83 fe f6 77 13 8d 45 08 50 


Register to memory mapping:

EAX=0x19efec34 is pointing into the stack for thread: 0x197db400
EBX=0x1ae1abc8 is an unknown value
ECX=0x00000003 is an unknown value
EDX=0x00000000 is an unknown value
ESP=0x19efec34 is pointing into the stack for thread: 0x197db400
EBP=0x19efec84 is pointing into the stack for thread: 0x197db400
ESI=0x80de0001 is an unknown value
EDI=0x19efee98 is pointing into the stack for thread: 0x197db400


Stack: [0x19eb0000,0x19f00000],  sp=0x19efec34,  free space=315k
Native frames: (J=compiled Java code, j=interpreted, Vv=VM code, C=native code)
C  [KERNELBASE.dll+0xc41f]  RaiseException+0x58
C  [msvcr100.dll+0x27819]  CxxThrowException+0x45
C  [glass.dll+0x150b0]  Java_com_sun_glass_ui_win_WinTimer__1start+0x2d0
C  [glass.dll+0xd53d]  Java_com_sun_glass_ui_win_WinDnDClipboard_push+0x603d

Java frames: (J=compiled Java code, j=interpreted, Vv=VM code)
j  com.sun.glass.ui.win.WinDnDClipboard.push([Ljava/lang/Object;I)V+0
j  com.sun.glass.ui.win.WinSystemClipboard.pushToSystem(Ljava/util/HashMap;I)V+90
j  com.sun.glass.ui.SystemClipboard.flush(Lcom/sun/glass/ui/ClipboardAssistance;Ljava/util/HashMap;I)V+10
j  com.sun.glass.ui.ClipboardAssistance.flush()V+13
j  com.sun.javafx.tk.quantum.QuantumClipboard.flush()V+8
j  com.sun.javafx.tk.quantum.QuantumToolkit.startDrag(Ljava/lang/Object;Ljava/util/Set;Lcom/sun/javafx/tk/TKDragSourceListener;Ljavafx/scene/input/Dragboard;)V+102
j  javafx.scene.Scene$DnDGesture.dragDetectedProcessed()V+63
j  javafx.scene.Scene$DnDGesture.process(Ljavafx/scene/input/MouseEvent;Ljavafx/event/EventTarget;)Z+69
j  javafx.scene.Scene$DnDGesture.access$8700(Ljavafx/scene/Scene$DnDGesture;Ljavafx/scene/input/MouseEvent;Ljavafx/event/EventTarget;)Z+3
j  javafx.scene.Scene$MouseHandler.process(Ljavafx/scene/input/MouseEvent;Z)V+482
j  javafx.scene.Scene$MouseHandler.process(Ljavafx/scene/input/MouseEvent;)V+3
j  javafx.scene.Scene$MouseHandler.access$1900(Ljavafx/scene/Scene$MouseHandler;Ljavafx/scene/input/MouseEvent;)V+2
j  javafx.scene.Scene.impl_processMouseEvent(Ljavafx/scene/input/MouseEvent;)V+16
j  javafx.scene.Scene$ScenePeerListener.mouseEvent(Ljava/lang/Object;)V+11
j  com.sun.javafx.tk.quantum.GlassViewEventHandler$MouseEventNotification.run()Ljava/lang/Void;+329
j  com.sun.javafx.tk.quantum.GlassViewEventHandler$MouseEventNotification.run()Ljava/lang/Object;+1
v  ~StubRoutines::call_stub
j  java.security.AccessController.doPrivileged(Ljava/security/PrivilegedAction;Ljava/security/AccessControlContext;)Ljava/lang/Object;+0
j  com.sun.javafx.tk.quantum.GlassViewEventHandler.handleMouseEvent(Lcom/sun/glass/ui/View;JIIIIIIIIZZ)V+117
j  com.sun.glass.ui.View.handleMouseEvent(JIIIIIIIIZZ)V+38
j  com.sun.glass.ui.View.notifyMouse(IIIIIIIZZ)V+184
v  ~StubRoutines::call_stub
j  com.sun.glass.ui.win.WinApplication._runLoop([Ljava/lang/String;Lcom/sun/glass/ui/Launchable;)V+0
j  com.sun.glass.ui.win.WinApplication.access$100(Lcom/sun/glass/ui/win/WinApplication;[Ljava/lang/String;Lcom/sun/glass/ui/Launchable;)V+3
j  com.sun.glass.ui.win.WinApplication$3$1.run()V+32
j  java.lang.Thread.run()V+11
v  ~StubRoutines::call_stub

---------------  P R O C E S S  ---------------

Java Threads: ( => current thread )
  0x19b4f000 JavaThread "Java2D Disposer" daemon [_thread_blocked, id=5752, stack(0x1a910000,0x1a960000)]
  0x19827000 JavaThread "Prism Font Disposer" daemon [_thread_blocked, id=6552, stack(0x1a130000,0x1a180000)]
  0x198f1800 JavaThread "H2 Log Writer db" daemon [_thread_blocked, id=3940, stack(0x192c0000,0x19310000)]
  0x19891000 JavaThread "H2 File Lock Watchdog C:/database/db.lock.db" daemon [_thread_blocked, id=6432, stack(0x19fb0000,0x1a000000)]
  0x19813c00 JavaThread "Thread-2" daemon [_thread_in_native, id=6236, stack(0x194f0000,0x19540000)]
=>0x197db400 JavaThread "JavaFX Application Thread" [_thread_in_native, id=6904, stack(0x19eb0000,0x19f00000)]
  0x197ca800 JavaThread "Disposer" daemon [_thread_blocked, id=5264, stack(0x196d0000,0x19720000)]
  0x187de400 JavaThread "QuantumRenderer-0" daemon [_thread_blocked, id=6676, stack(0x19670000,0x196c0000)]
  0x187c5800 JavaThread "JavaFX-Launcher" [_thread_blocked, id=3376, stack(0x19270000,0x192c0000)]
  0x18781400 JavaThread "traceMsgQueueThread" daemon [_thread_blocked, id=6616, stack(0x18d70000,0x18dc0000)]
  0x186a2800 JavaThread "Service Thread" daemon [_thread_blocked, id=4420, stack(0x18bb0000,0x18c00000)]
  0x1869e000 JavaThread "C1 CompilerThread0" daemon [_thread_blocked, id=4116, stack(0x18b00000,0x18b50000)]
  0x1869cc00 JavaThread "Attach Listener" daemon [_thread_blocked, id=1100, stack(0x18870000,0x188c0000)]
  0x18699800 JavaThread "Signal Dispatcher" daemon [_thread_blocked, id=6220, stack(0x18920000,0x18970000)]
  0x00da0800 JavaThread "Finalizer" daemon [_thread_blocked, id=7080, stack(0x00f50000,0x00fa0000)]
  0x00d9bc00 JavaThread "Reference Handler" daemon [_thread_blocked, id=6764, stack(0x18590000,0x185e0000)]
  0x00e6b400 JavaThread "main" [_thread_blocked, id=6952, stack(0x00770000,0x007c0000)]

Other Threads:
  0x00d97800 VMThread [stack: 0x184a0000,0x184f0000] [id=7120]
  0x186b7400 WatcherThread [stack: 0x189d0000,0x18a20000] [id=2588]

VM state:not at safepoint (normal execution)

VM Mutex/Monitor currently owned by a thread: None

Heap
 def new generation   total 8320K, used 2074K [0x04420000, 0x04d20000, 0x09970000)
  eden space 7424K,  27% used [0x04420000, 0x04626958, 0x04b60000)
  from space 896K,   0% used [0x04b60000, 0x04b60000, 0x04c40000)
  to   space 896K,   0% used [0x04c40000, 0x04c40000, 0x04d20000)
 tenured generation   total 18388K, used 11032K [0x09970000, 0x0ab65000, 0x14420000)
   the space 18388K,  59% used [0x09970000, 0x0a436100, 0x0a436200, 0x0ab65000)
 compacting perm gen  total 14592K, used 14344K [0x14420000, 0x15260000, 0x18420000)
   the space 14592K,  98% used [0x14420000, 0x15222260, 0x15222400, 0x15260000)
No shared spaces configured.

Card table byte_map: [0x00e70000,0x00f20000] byte_map_base: 0x00e4df00

Polling page: 0x001e0000

Code Cache  [0x02420000, 0x02610000, 0x04420000)
 total_blobs=1311 nmethods=959 adapters=286 free_code_cache=30789Kb largest_free_block=31528640

Compilation events (10 events):
Event: 6.290 Thread 0x1869e000 nmethod 953 0x0260a008 code [0x0260a100, 0x0260a1b0]
Event: 6.291 Thread 0x1869e000  954             java.lang.CharacterDataLatin1::isOtherLowercase (18 bytes)
Event: 6.291 Thread 0x1869e000 nmethod 954 0x0260a288 code [0x0260a380, 0x0260a440]
Event: 6.294 Thread 0x1869e000  955             java.util.Arrays::asList (9 bytes)
Event: 6.294 Thread 0x1869e000 nmethod 955 0x0260a548 code [0x0260a650, 0x0260a77c]
Event: 6.296 Thread 0x1869e000  957             org.h2.compress.CompressLZF::compress (501 bytes)
Event: 6.297 Thread 0x1869e000 nmethod 957 0x0260ab08 code [0x0260ac60, 0x0260b340]
Event: 6.330 Thread 0x1869e000  958             sun.nio.cs.SingleByte$Encoder::encode (32 bytes)
Event: 6.331 Thread 0x1869e000 nmethod 958 0x0260bec8 code [0x0260bfd0, 0x0260c0c0]
Event: 6.331 Thread 0x1869e000  959             sun.nio.cs.SingleByte$Encoder::encodeArrayLoop (236 bytes)

GC Heap History (10 events):
Event: 3.332 GC heap before
{Heap before GC invocations=9 (full 0):
 def new generation   total 4928K, used 4928K [0x04420000, 0x04970000, 0x09970000)
  eden space 4416K, 100% used [0x04420000, 0x04870000, 0x04870000)
  from space 512K, 100% used [0x048f0000, 0x04970000, 0x04970000)
  to   space 512K,   0% used [0x04870000, 0x04870000, 0x048f0000)
 tenured generation   total 10944K, used 6313K [0x09970000, 0x0a420000, 0x14420000)
   the space 10944K,  57% used [0x09970000, 0x09f9a6c8, 0x09f9a800, 0x0a420000)
 compacting perm gen  total 12544K, used 12517K [0x14420000, 0x15060000, 0x18420000)
   the space 12544K,  99% used [0x14420000, 0x15059608, 0x15059800, 0x15060000)
No shared spaces configured.
Event: 3.337 GC heap after
Heap after GC invocations=10 (full 0):
 def new generation   total 4928K, used 398K [0x04420000, 0x04970000, 0x09970000)
  eden space 4416K,   0% used [0x04420000, 0x04420000, 0x04870000)
  from space 512K,  77% used [0x04870000, 0x048d3ad0, 0x048f0000)
  to   space 512K,   0% used [0x048f0000, 0x048f0000, 0x04970000)
 tenured generation   total 10944K, used 6785K [0x09970000, 0x0a420000, 0x14420000)
   the space 10944K,  62% used [0x09970000, 0x0a010540, 0x0a010600, 0x0a420000)
 compacting perm gen  total 12544K, used 12517K [0x14420000, 0x15060000, 0x18420000)
   the space 12544K,  99% used [0x14420000, 0x15059608, 0x15059800, 0x15060000)
No shared spaces configured.
}
Event: 3.403 GC heap before
{Heap before GC invocations=10 (full 0):
 def new generation   total 4928K, used 4797K [0x04420000, 0x04970000, 0x09970000)
  eden space 4416K,  99% used [0x04420000, 0x0486bc28, 0x04870000)
  from space 512K,  77% used [0x04870000, 0x048d3ad0, 0x048f0000)
  to   space 512K,   0% used [0x048f0000, 0x048f0000, 0x04970000)
 tenured generation   total 10944K, used 6785K [0x09970000, 0x0a420000, 0x14420000)
   the space 10944K,  62% used [0x09970000, 0x0a010540, 0x0a010600, 0x0a420000)
 compacting perm gen  total 13312K, used 13218K [0x14420000, 0x15120000, 0x18420000)
   the space 13312K,  99% used [0x14420000, 0x15108b38, 0x15108c00, 0x15120000)
No shared spaces configured.
Event: 3.407 GC heap after
Heap after GC invocations=11 (full 0):
 def new generation   total 4928K, used 411K [0x04420000, 0x04970000, 0x09970000)
  eden space 4416K,   0% used [0x04420000, 0x04420000, 0x04870000)
  from space 512K,  80% used [0x048f0000, 0x04956e38, 0x04970000)
  to   space 512K,   0% used [0x04870000, 0x04870000, 0x048f0000)
 tenured generation   total 10944K, used 6983K [0x09970000, 0x0a420000, 0x14420000)
   the space 10944K,  63% used [0x09970000, 0x0a041d48, 0x0a041e00, 0x0a420000)
 compacting perm gen  total 13312K, used 13218K [0x14420000, 0x15120000, 0x18420000)
   the space 13312K,  99% used [0x14420000, 0x15108b38, 0x15108c00, 0x15120000)
No shared spaces configured.
}
Event: 3.517 GC heap before
{Heap before GC invocations=11 (full 0):
 def new generation   total 4928K, used 4827K [0x04420000, 0x04970000, 0x09970000)
  eden space 4416K, 100% used [0x04420000, 0x04870000, 0x04870000)
  from space 512K,  80% used [0x048f0000, 0x04956e38, 0x04970000)
  to   space 512K,   0% used [0x04870000, 0x04870000, 0x048f0000)
 tenured generation   total 10944K, used 6983K [0x09970000, 0x0a420000, 0x14420000)
   the space 10944K,  63% used [0x09970000, 0x0a041d48, 0x0a041e00, 0x0a420000)
 compacting perm gen  total 14080K, used 13886K [0x14420000, 0x151e0000, 0x18420000)
   the space 14080K,  98% used [0x14420000, 0x151afa10, 0x151afc00, 0x151e0000)
No shared spaces configured.
Event: 3.525 GC heap after
Heap after GC invocations=12 (full 0):
 def new generation   total 4928K, used 512K [0x04420000, 0x04970000, 0x09970000)
  eden space 4416K,   0% used [0x04420000, 0x04420000, 0x04870000)
  from space 512K, 100% used [0x04870000, 0x048f0000, 0x048f0000)
  to   space 512K,   0% used [0x048f0000, 0x048f0000, 0x04970000)
 tenured generation   total 10944K, used 7986K [0x09970000, 0x0a420000, 0x14420000)
   the space 10944K,  72% used [0x09970000, 0x0a13cb18, 0x0a13cc00, 0x0a420000)
 compacting perm gen  total 14080K, used 13886K [0x14420000, 0x151e0000, 0x18420000)
   the space 14080K,  98% used [0x14420000, 0x151afa10, 0x151afc00, 0x151e0000)
No shared spaces configured.
}
Event: 3.621 GC heap before
{Heap before GC invocations=12 (full 0):
 def new generation   total 4928K, used 3684K [0x04420000, 0x04970000, 0x09970000)
  eden space 4416K,  71% used [0x04420000, 0x047391c8, 0x04870000)
  from space 512K, 100% used [0x04870000, 0x048f0000, 0x048f0000)
  to   space 512K,   0% used [0x048f0000, 0x048f0000, 0x04970000)
 tenured generation   total 10944K, used 7986K [0x09970000, 0x0a420000, 0x14420000)
   the space 10944K,  72% used [0x09970000, 0x0a13cb18, 0x0a13cc00, 0x0a420000)
 compacting perm gen  total 14080K, used 13980K [0x14420000, 0x151e0000, 0x18420000)
   the space 14080K,  99% used [0x14420000, 0x151c7348, 0x151c7400, 0x151e0000)
No shared spaces configured.
Event: 3.630 GC heap after
Heap after GC invocations=13 (full 0):
 def new generation   total 4928K, used 512K [0x04420000, 0x04970000, 0x09970000)
  eden space 4416K,   0% used [0x04420000, 0x04420000, 0x04870000)
  from space 512K, 100% used [0x048f0000, 0x04970000, 0x04970000)
  to   space 512K,   0% used [0x04870000, 0x04870000, 0x048f0000)
 tenured generation   total 10944K, used 10139K [0x09970000, 0x0a420000, 0x14420000)
   the space 10944K,  92% used [0x09970000, 0x0a356d48, 0x0a356e00, 0x0a420000)
 compacting perm gen  total 14080K, used 13980K [0x14420000, 0x151e0000, 0x18420000)
   the space 14080K,  99% used [0x14420000, 0x151c7348, 0x151c7400, 0x151e0000)
No shared spaces configured.
}
Event: 6.228 GC heap before
{Heap before GC invocations=13 (full 0):
 def new generation   total 4928K, used 4928K [0x04420000, 0x04970000, 0x09970000)
  eden space 4416K, 100% used [0x04420000, 0x04870000, 0x04870000)
  from space 512K, 100% used [0x048f0000, 0x04970000, 0x04970000)
  to   space 512K,   0% used [0x04870000, 0x04870000, 0x048f0000)
 tenured generation   total 10944K, used 10139K [0x09970000, 0x0a420000, 0x14420000)
   the space 10944K,  92% used [0x09970000, 0x0a356d48, 0x0a356e00, 0x0a420000)
 compacting perm gen  total 14336K, used 14256K [0x14420000, 0x15220000, 0x18420000)
   the space 14336K,  99% used [0x14420000, 0x1520c258, 0x1520c400, 0x15220000)
No shared spaces configured.
Event: 6.282 GC heap after
Heap after GC invocations=14 (full 1):
 def new generation   total 8320K, used 0K [0x04420000, 0x04d20000, 0x09970000)
  eden space 7424K,   0% used [0x04420000, 0x04420000, 0x04b60000)
  from space 896K,   0% used [0x04b60000, 0x04b60000, 0x04c40000)
  to   space 896K,   0% used [0x04c40000, 0x04c40000, 0x04d20000)
 tenured generation   total 18388K, used 11032K [0x09970000, 0x0ab65000, 0x14420000)
   the space 18388K,  59% used [0x09970000, 0x0a436100, 0x0a436200, 0x0ab65000)
 compacting perm gen  total 14336K, used 14256K [0x14420000, 0x15220000, 0x18420000)
   the space 14336K,  99% used [0x14420000, 0x1520c258, 0x1520c400, 0x15220000)
No shared spaces configured.
}

Deoptimization events (0 events):
No events

Internal exceptions (10 events):
Event: 6.291 Thread 0x197db400 Threw 0x04583850 at C:\jdk7u2_32P\jdk7u17\hotspot\src\share\vm\prims\jvm.cpp:1166
Event: 6.291 Thread 0x197db400 Threw 0x04584e80 at C:\jdk7u2_32P\jdk7u17\hotspot\src\share\vm\prims\jvm.cpp:1166
Event: 6.292 Thread 0x197db400 Threw 0x04587dd8 at C:\jdk7u2_32P\jdk7u17\hotspot\src\share\vm\runtime\sharedRuntime.cpp:613
Event: 6.292 Thread 0x197db400 Threw 0x04591cf0 at C:\jdk7u2_32P\jdk7u17\hotspot\src\share\vm\prims\jvm.cpp:1166
Event: 6.292 Thread 0x197db400 Threw 0x04592eb0 at C:\jdk7u2_32P\jdk7u17\hotspot\src\share\vm\prims\jvm.cpp:1166
Event: 6.292 Thread 0x197db400 Threw 0x04594140 at C:\jdk7u2_32P\jdk7u17\hotspot\src\share\vm\prims\jvm.cpp:1166
Event: 6.292 Thread 0x197db400 Threw 0x045956b8 at C:\jdk7u2_32P\jdk7u17\hotspot\src\share\vm\prims\jvm.cpp:1166
Event: 6.292 Thread 0x197db400 Threw 0x04598520 at C:\jdk7u2_32P\jdk7u17\hotspot\src\share\vm\runtime\sharedRuntime.cpp:613
Event: 6.294 Thread 0x197db400 Threw 0x045c5048 at C:\jdk7u2_32P\jdk7u17\hotspot\src\share\vm\runtime\sharedRuntime.cpp:613
Event: 6.330 Thread 0x197db400 Threw 0x045f9588 at C:\jdk7u2_32P\jdk7u17\hotspot\src\share\vm\prims\jvm.cpp:1170

Events (10 events):
Event: 6.297 loading class 0x198a4270
Event: 6.297 loading class 0x198a4270 done
Event: 6.329 loading class 0x187d6ab8
Event: 6.329 loading class 0x187d6ab8 done
Event: 6.330 loading class 0x00d6d6f8
Event: 6.330 loading class 0x00d6d7b8
Event: 6.330 loading class 0x00d6d7b8 done
Event: 6.330 loading class 0x00d6d6f8 done
Event: 6.330 loading class 0x198eab90
Event: 6.330 loading class 0x198eab90 done


Dynamic libraries:
0x00ff0000 - 0x0101f000 	C:\Program Files (x86)\Java\jdk1.7.0_17\bin\java.exe
0x77ca0000 - 0x77e20000 	C:\Windows\SysWOW64\ntdll.dll
0x760c0000 - 0x761d0000 	C:\Windows\syswow64\kernel32.dll
0x77050000 - 0x77097000 	C:\Windows\syswow64\KERNELBASE.dll
0x75b40000 - 0x75be0000 	C:\Windows\syswow64\ADVAPI32.dll
0x76fa0000 - 0x7704c000 	C:\Windows\syswow64\msvcrt.dll
0x75a20000 - 0x75a39000 	C:\Windows\SysWOW64\sechost.dll
0x772d0000 - 0x773c0000 	C:\Windows\syswow64\RPCRT4.dll
0x75380000 - 0x753e0000 	C:\Windows\syswow64\SspiCli.dll
0x75370000 - 0x7537c000 	C:\Windows\syswow64\CRYPTBASE.dll
0x75a40000 - 0x75b40000 	C:\Windows\syswow64\USER32.dll
0x75470000 - 0x75500000 	C:\Windows\syswow64\GDI32.dll
0x76340000 - 0x7634a000 	C:\Windows\syswow64\LPK.dll
0x762a0000 - 0x7633d000 	C:\Windows\syswow64\USP10.dll
0x74d40000 - 0x74ede000 	C:\Windows\WinSxS\x86_microsoft.windows.common-controls_6595b64144ccf1df_6.0.7601.17514_none_41e6975e2bd6f2b2\COMCTL32.dll
0x75be0000 - 0x75c37000 	C:\Windows\syswow64\SHLWAPI.dll
0x75500000 - 0x75560000 	C:\Windows\system32\IMM32.DLL
0x75750000 - 0x7581c000 	C:\Windows\syswow64\MSCTF.dll
0x75230000 - 0x75262000 	C:\Windows\SysWOW64\nvinit.dll
0x6a3a0000 - 0x6a45e000 	C:\Program Files (x86)\Java\jdk1.7.0_17\jre\bin\msvcr100.dll
0x6a530000 - 0x6a87c000 	C:\Program Files (x86)\Java\jdk1.7.0_17\jre\bin\client\jvm.dll
0x71950000 - 0x71957000 	C:\Windows\system32\WSOCK32.dll
0x75560000 - 0x75595000 	C:\Windows\syswow64\WS2_32.dll
0x76280000 - 0x76286000 	C:\Windows\syswow64\NSI.dll
0x73330000 - 0x73362000 	C:\Windows\system32\WINMM.dll
0x76290000 - 0x76295000 	C:\Windows\syswow64\PSAPI.DLL
0x707c0000 - 0x707cc000 	C:\Program Files (x86)\Java\jdk1.7.0_17\jre\bin\verify.dll
0x6a510000 - 0x6a530000 	C:\Program Files (x86)\Java\jdk1.7.0_17\jre\bin\java.dll
0x6ade0000 - 0x6adf3000 	C:\Program Files (x86)\Java\jdk1.7.0_17\jre\bin\zip.dll
0x671b0000 - 0x67209000 	C:\Program Files (x86)\Java\jdk1.7.0_17\jre\bin\deploy.dll
0x75da0000 - 0x75efc000 	C:\Windows\syswow64\ole32.dll
0x755a0000 - 0x7562f000 	C:\Windows\syswow64\OLEAUT32.dll
0x710e0000 - 0x710e9000 	C:\Windows\system32\VERSION.dll
0x75c50000 - 0x75d6b000 	C:\Windows\syswow64\WININET.dll
0x75c40000 - 0x75c43000 	C:\Windows\syswow64\Normaliz.dll
0x75f00000 - 0x760b9000 	C:\Windows\syswow64\iertutil.dll
0x75630000 - 0x75741000 	C:\Windows\syswow64\urlmon.dll
0x76350000 - 0x76f9a000 	C:\Windows\syswow64\SHELL32.dll
0x75270000 - 0x7527b000 	C:\Windows\system32\profapi.dll
0x747a0000 - 0x747a8000 	C:\Windows\system32\Secur32.dll
0x72e20000 - 0x72e64000 	C:\Windows\system32\dnsapi.DLL
0x73310000 - 0x7332c000 	C:\Windows\system32\iphlpapi.DLL
0x73300000 - 0x73307000 	C:\Windows\system32\WINNSI.DLL
0x75990000 - 0x75a13000 	C:\Windows\syswow64\CLBCatQ.DLL
0x73470000 - 0x73486000 	C:\Windows\system32\CRYPTSP.dll
0x73410000 - 0x7344b000 	C:\Windows\system32\rsaenh.dll
0x747b0000 - 0x747be000 	C:\Windows\system32\RpcRtRemote.dll
0x72720000 - 0x7272d000 	C:\Windows\system32\dhcpcsvc6.DLL
0x6ed60000 - 0x6ed9c000 	C:\Windows\system32\mswsock.dll
0x72700000 - 0x72712000 	C:\Windows\system32\dhcpcsvc.DLL
0x6ed50000 - 0x6ed55000 	C:\Windows\System32\wshtcpip.dll
0x727a0000 - 0x727a6000 	C:\Windows\System32\wship6.dll
0x72a90000 - 0x72ab7000 	C:\Program Files (x86)\Common Files\Microsoft Shared\Windows Live\WLIDNSP.DLL
0x72a30000 - 0x72a36000 	C:\Windows\system32\rasadhlp.dll
0x66cc0000 - 0x66d7e000 	C:\Program Files (x86)\Java\jdk1.7.0_17\bin\msvcr100.dll
0x6ffe0000 - 0x6ffed000 	C:\Program Files (x86)\Java\jdk1.7.0_17\jre\bin\prism-d3d.dll
0x6c160000 - 0x6c323000 	C:\Windows\system32\d3d9.dll
0x72df0000 - 0x72df6000 	C:\Windows\system32\d3d8thk.dll
0x71330000 - 0x71343000 	C:\Windows\system32\dwmapi.dll
0x73220000 - 0x732a0000 	C:\Windows\system32\uxtheme.dll
0x71c30000 - 0x71c55000 	C:\Windows\system32\PowrProf.dll
0x77130000 - 0x772cd000 	C:\Windows\syswow64\SETUPAPI.dll
0x75d70000 - 0x75d97000 	C:\Windows\syswow64\CFGMGR32.dll
0x773c0000 - 0x773d2000 	C:\Windows\syswow64\DEVOBJ.dll
0x67240000 - 0x67267000 	C:\Program Files (x86)\Java\jdk1.7.0_17\jre\bin\glass.dll
0x761d0000 - 0x7624b000 	C:\Windows\syswow64\COMDLG32.dll
0x75280000 - 0x75297000 	C:\Windows\system32\USERENV.dll
0x6a4f0000 - 0x6a504000 	C:\Program Files (x86)\Java\jdk1.7.0_17\jre\bin\net.dll
0x71c00000 - 0x71c0e000 	C:\Program Files (x86)\Java\jdk1.7.0_17\jre\bin\nio.dll
0x67170000 - 0x671ad000 	C:\Program Files (x86)\Java\jdk1.7.0_17\jre\bin\javafx-font.dll
0x6af10000 - 0x6b040000 	C:\Windows\system32\WindowsCodecs.dll
0x73370000 - 0x733bc000 	C:\Windows\system32\apphelp.dll
0x18560000 - 0x18582000 	C:\Users\Jordan\AppData\Roaming\Dropbox\bin\DropboxExt.17.dll
0x70e70000 - 0x70f5b000 	C:\Windows\system32\dbghelp.dll
0x74900000 - 0x7498e000 	C:\Windows\WinSxS\x86_microsoft.vc90.crt_1fc8b3b9a1e18e3b_9.0.30729.6161_none_50934f2ebcb7eb57\MSVCP90.dll
0x74850000 - 0x748f3000 	C:\Windows\WinSxS\x86_microsoft.vc90.crt_1fc8b3b9a1e18e3b_9.0.30729.6161_none_50934f2ebcb7eb57\MSVCR90.dll
0x6ae50000 - 0x6ae81000 	C:\Windows\system32\EhStorShell.dll
0x70f60000 - 0x71055000 	C:\Windows\system32\PROPSYS.dll
0x6ad70000 - 0x6ade0000 	C:\Windows\system32\ntshrui.dll
0x718a0000 - 0x718b9000 	C:\Windows\system32\srvcli.dll
0x710d0000 - 0x710db000 	C:\Windows\system32\cscapi.dll
0x72d90000 - 0x72d9a000 	C:\Windows\system32\slc.dll
0x65750000 - 0x65771000 	C:\Program Files (x86)\Common Files\Microsoft Shared\Ink\rtscom.dll
0x67010000 - 0x67152000 	C:\Program Files (x86)\Java\jdk1.7.0_17\jre\bin\awt.dll
0x6a480000 - 0x6a4a4000 	C:\Program Files (x86)\Java\jdk1.7.0_17\jre\bin\dcpr.dll
0x6a370000 - 0x6a39a000 	C:\Program Files (x86)\Java\jdk1.7.0_17\jre\bin\fontmanager.dll
0x67270000 - 0x672a1000 	C:\Program Files (x86)\Java\jdk1.7.0_17\jre\bin\t2k.dll
0x6a460000 - 0x6a471000 	C:\Program Files (x86)\Java\jdk1.7.0_17\jre\bin\decora-sse.dll

VM Arguments:
jvm_args: -Xbootclasspath/p:C:\Program Files (x86)\Java\jdk1.7.0_17\jre\lib\jfxrt.jar;C:\Program Files (x86)\Java\jdk1.7.0_17\jre\lib\deploy.jar;C:\Program Files (x86)\Java\jdk1.7.0_17\jre\lib\javaws.jar;C:\Program Files (x86)\Java\jdk1.7.0_17\jre\lib\plugin.jar -Dfile.encoding=Cp1252 
java_command: com.javafx.main.Main
Launcher Type: SUN_STANDARD

Environment Variables:
PATH=C:\Program Files (x86)\Google\Chrome\Application;C:\Program Files\Common Files\Microsoft Shared\Windows Live;C:\Program Files (x86)\Common Files\Microsoft Shared\Windows Live;C:\Windows\system32;C:\Windows;C:\Windows\System32\Wbem;C:\Windows\System32\WindowsPowerShell\v1.0\;C:\Program Files (x86)\Windows Live\Shared
USERNAME=Jordan
OS=Windows_NT
PROCESSOR_IDENTIFIER=Intel64 Family 6 Model 42 Stepping 7, GenuineIntel



---------------  S Y S T E M  ---------------

OS: Windows 7 , 64 bit Build 7601 Service Pack 1

CPU:total 8 (4 cores per cpu, 2 threads per core) family 6 model 42 stepping 7, cmov, cx8, fxsr, mmx, sse, sse2, sse3, ssse3, sse4.1, sse4.2, popcnt, avx, ht, tsc, tscinvbit

Memory: 4k page, physical 6194236k(2839660k free), swap 12386616k(8842772k free)

vm_info: Java HotSpot(TM) Client VM (23.7-b01) for windows-x86 JRE (1.7.0_17-b02), built on Mar  1 2013 05:04:36 by "java_re" with unknown MS VC++:1600

time: Tue Mar 05 23:50:24 2013
elapsed time: 6 seconds

